SF:C:\Users\Lucas\Teste\IBGE\Ibge.Domain\RegionIbgeContext\Queries\RegionQueries.cs
FN:9,System.Linq.Expressions.Expression`1<System.Func`2<Ibge.Domain.RegionIbgeContext.Entities.Region,System.Boolean>> Ibge.Domain.RegionIbgeContext.Queries.RegionQueries::GetRegionById(System.Int32)
FNDA:17,System.Linq.Expressions.Expression`1<System.Func`2<Ibge.Domain.RegionIbgeContext.Entities.Region,System.Boolean>> Ibge.Domain.RegionIbgeContext.Queries.RegionQueries::GetRegionById(System.Int32)
DA:10,17
DA:11,17
DA:12,17
LF:3
LH:3
BRF:0
BRH:0
FNF:1
FNH:1
end_of_record
SF:C:\Users\Lucas\Teste\IBGE\Ibge.Domain\RegionIbgeContext\Mapping\AutoMapperConfiguration.cs
FN:18,AutoMapper.IMapper Ibge.Domain.RegionIbgeContext.Mapping.AutoMapperConfiguration::get_Mapper()
FNDA:15,AutoMapper.IMapper Ibge.Domain.RegionIbgeContext.Mapping.AutoMapperConfiguration::get_Mapper()
DA:19,15
FN:8,System.Void Ibge.Domain.RegionIbgeContext.Mapping.AutoMapperConfiguration::.cctor()
FNDA:1,System.Void Ibge.Domain.RegionIbgeContext.Mapping.AutoMapperConfiguration::.cctor()
DA:9,1
DA:10,2
DA:11,2
DA:12,3
DA:13,3
DA:14,3
DA:15,2
DA:16,2
DA:17,2
LF:10
LH:10
BRF:0
BRH:0
FNF:2
FNH:2
end_of_record
SF:C:\Users\Lucas\Teste\IBGE\Ibge.Domain\RegionIbgeContext\Mapping\Profiles\RegionProfile.cs
FN:8,System.Void Ibge.Domain.RegionIbgeContext.Mapping.Profiles.RegionProfile::.ctor()
FNDA:1,System.Void Ibge.Domain.RegionIbgeContext.Mapping.Profiles.RegionProfile::.ctor()
DA:9,1
DA:10,1
DA:11,1
DA:12,2
DA:13,2
DA:14,2
DA:15,1
DA:16,2
DA:17,2
DA:18,2
DA:19,1
LF:11
LH:11
BRF:0
BRH:0
FNF:1
FNH:1
end_of_record
SF:C:\Users\Lucas\Teste\IBGE\Ibge.Domain\RegionIbgeContext\Handlers\RegionHandler.cs
FN:23,Ibge.Domain.RegionIbgeContext.Handlers.Contract.HandlerResult`1<Ibge.Domain.RegionIbgeContext.Commands.CreateRegionCommand> Ibge.Domain.RegionIbgeContext.Handlers.RegionHandler::Handle(Ibge.Domain.RegionIbgeContext.Commands.CreateRegionCommand)
FNDA:15,Ibge.Domain.RegionIbgeContext.Handlers.Contract.HandlerResult`1<Ibge.Domain.RegionIbgeContext.Commands.CreateRegionCommand> Ibge.Domain.RegionIbgeContext.Handlers.RegionHandler::Handle(Ibge.Domain.RegionIbgeContext.Commands.CreateRegionCommand)
DA:24,15
DA:25,15
DA:26,15
DA:27,2
DA:28,2
DA:30,13
DA:32,13
DA:33,7
DA:34,7
DA:36,6
DA:38,6
DA:39,15
BRDA:26,16,0,2
BRDA:26,16,1,13
BRDA:32,59,0,7
BRDA:32,59,1,6
FN:41,Ibge.Domain.RegionIbgeContext.Handlers.Contract.HandlerResult`1<Ibge.Domain.RegionIbgeContext.Commands.UpdateRegionCommand> Ibge.Domain.RegionIbgeContext.Handlers.RegionHandler::Handle(Ibge.Domain.RegionIbgeContext.Commands.UpdateRegionCommand)
FNDA:1,Ibge.Domain.RegionIbgeContext.Handlers.Contract.HandlerResult`1<Ibge.Domain.RegionIbgeContext.Commands.UpdateRegionCommand> Ibge.Domain.RegionIbgeContext.Handlers.RegionHandler::Handle(Ibge.Domain.RegionIbgeContext.Commands.UpdateRegionCommand)
DA:42,1
DA:43,1
DA:44,1
DA:45,0
DA:46,0
DA:48,1
DA:50,1
DA:51,0
DA:52,0
DA:54,1
DA:56,1
DA:57,1
BRDA:44,16,0,0
BRDA:44,16,1,1
BRDA:50,62,0,0
BRDA:50,62,1,1
FN:59,Ibge.Domain.RegionIbgeContext.Handlers.Contract.HandlerResult`1<Ibge.Domain.RegionIbgeContext.Commands.DeleteRegionCommand> Ibge.Domain.RegionIbgeContext.Handlers.RegionHandler::Handle(Ibge.Domain.RegionIbgeContext.Commands.DeleteRegionCommand)
FNDA:1,Ibge.Domain.RegionIbgeContext.Handlers.Contract.HandlerResult`1<Ibge.Domain.RegionIbgeContext.Commands.DeleteRegionCommand> Ibge.Domain.RegionIbgeContext.Handlers.RegionHandler::Handle(Ibge.Domain.RegionIbgeContext.Commands.DeleteRegionCommand)
DA:60,1
DA:61,1
DA:62,1
DA:63,0
DA:64,0
DA:66,1
DA:68,1
DA:69,0
DA:70,0
DA:72,1
DA:74,1
DA:75,1
BRDA:62,16,0,0
BRDA:62,16,1,1
BRDA:68,62,0,0
BRDA:68,62,1,1
FN:18,System.Void Ibge.Domain.RegionIbgeContext.Handlers.RegionHandler::.ctor(Ibge.Domain.RegionIbgeContext.Repositories.IRegionRepository)
FNDA:9,System.Void Ibge.Domain.RegionIbgeContext.Handlers.RegionHandler::.ctor(Ibge.Domain.RegionIbgeContext.Repositories.IRegionRepository)
DA:19,9
DA:20,9
DA:21,9
LF:39
LH:31
BRF:12
BRH:8
FNF:4
FNH:4
end_of_record
SF:C:\Users\Lucas\Teste\IBGE\Ibge.Domain\RegionIbgeContext\Handlers\RegionIntegrationHandler.cs
FN:16,System.Void Ibge.Domain.RegionIbgeContext.Handlers.RegionIntegrationHandler::.ctor(Ibge.Domain.RegionIbgeContext.Repositories.IRegionIbgeRepository,Ibge.Domain.RegionIbgeContext.Handlers.Contract.IHandler`1<Ibge.Domain.RegionIbgeContext.Commands.CreateRegionCommand>)
FNDA:6,System.Void Ibge.Domain.RegionIbgeContext.Handlers.RegionIntegrationHandler::.ctor(Ibge.Domain.RegionIbgeContext.Repositories.IRegionIbgeRepository,Ibge.Domain.RegionIbgeContext.Handlers.Contract.IHandler`1<Ibge.Domain.RegionIbgeContext.Commands.CreateRegionCommand>)
DA:17,6
DA:18,6
DA:19,6
DA:20,6
DA:21,6
DA:22,6
DA:23,6
FN:25,System.Void Ibge.Domain.RegionIbgeContext.Handlers.RegionIntegrationHandler/<Execute>d__3::MoveNext()
FNDA:3,System.Void Ibge.Domain.RegionIbgeContext.Handlers.RegionIntegrationHandler/<Execute>d__3::MoveNext()
DA:26,3
DA:27,3
DA:28,3
DA:30,3
DA:31,2
DA:32,2
DA:33,2
DA:36,13
DA:37,5
DA:38,5
DA:39,5
DA:40,1
DA:41,3
BRDA:30,179,0,2
BRDA:30,179,1,1
BRDA:36,307,1,5
BRDA:36,307,0,1
LF:20
LH:20
BRF:4
BRH:4
FNF:2
FNH:2
end_of_record
SF:C:\Users\Lucas\Teste\IBGE\Ibge.Domain\RegionIbgeContext\Handlers\Contract\HandlerResult.cs
FN:11,System.Boolean Ibge.Domain.RegionIbgeContext.Handlers.Contract.HandlerResult`1::get_Success()
FNDA:27,System.Boolean Ibge.Domain.RegionIbgeContext.Handlers.Contract.HandlerResult`1::get_Success()
DA:12,27
FN:12,System.String Ibge.Domain.RegionIbgeContext.Handlers.Contract.HandlerResult`1::get_Message()
FNDA:24,System.String Ibge.Domain.RegionIbgeContext.Handlers.Contract.HandlerResult`1::get_Message()
DA:13,24
FN:13,T Ibge.Domain.RegionIbgeContext.Handlers.Contract.HandlerResult`1::get_Data()
FNDA:22,T Ibge.Domain.RegionIbgeContext.Handlers.Contract.HandlerResult`1::get_Data()
DA:14,22
FN:4,System.Void Ibge.Domain.RegionIbgeContext.Handlers.Contract.HandlerResult`1::.ctor(System.String,T,System.Boolean)
FNDA:21,System.Void Ibge.Domain.RegionIbgeContext.Handlers.Contract.HandlerResult`1::.ctor(System.String,T,System.Boolean)
DA:5,21
DA:6,21
DA:7,21
DA:8,21
DA:9,21
DA:10,21
LF:9
LH:9
BRF:0
BRH:0
FNF:4
FNH:4
end_of_record
SF:C:\Users\Lucas\Teste\IBGE\Ibge.Domain\RegionIbgeContext\Enums\IbgeEndPoints.cs
FN:5,System.String Ibge.Domain.RegionIbgeContext.Enums.IbgeEndPoints::get_Value()
FNDA:10,System.String Ibge.Domain.RegionIbgeContext.Enums.IbgeEndPoints::get_Value()
DA:6,10
FN:9,Ibge.Domain.RegionIbgeContext.Enums.IbgeEndPoints Ibge.Domain.RegionIbgeContext.Enums.IbgeEndPoints::get_RegionUrl()
FNDA:4,Ibge.Domain.RegionIbgeContext.Enums.IbgeEndPoints Ibge.Domain.RegionIbgeContext.Enums.IbgeEndPoints::get_RegionUrl()
DA:10,4
DA:11,4
DA:12,4
FN:16,Ibge.Domain.RegionIbgeContext.Enums.IbgeEndPoints Ibge.Domain.RegionIbgeContext.Enums.IbgeEndPoints::get_VoidUrl()
FNDA:1,Ibge.Domain.RegionIbgeContext.Enums.IbgeEndPoints Ibge.Domain.RegionIbgeContext.Enums.IbgeEndPoints::get_VoidUrl()
DA:17,1
DA:18,1
DA:19,1
FN:4,System.Void Ibge.Domain.RegionIbgeContext.Enums.IbgeEndPoints::.ctor(System.String)
FNDA:20,System.Void Ibge.Domain.RegionIbgeContext.Enums.IbgeEndPoints::.ctor(System.String)
DA:5,20
LF:8
LH:8
BRF:0
BRH:0
FNF:4
FNH:4
end_of_record
SF:C:\Users\Lucas\Teste\IBGE\Ibge.Domain\RegionIbgeContext\Entities\Region.cs
FN:17,System.Int32 Ibge.Domain.RegionIbgeContext.Entities.Region::get_Id()
FNDA:54,System.Int32 Ibge.Domain.RegionIbgeContext.Entities.Region::get_Id()
DA:18,54
FN:18,System.String Ibge.Domain.RegionIbgeContext.Entities.Region::get_Initials()
FNDA:35,System.String Ibge.Domain.RegionIbgeContext.Entities.Region::get_Initials()
DA:19,35
FN:19,System.String Ibge.Domain.RegionIbgeContext.Entities.Region::get_Name()
FNDA:37,System.String Ibge.Domain.RegionIbgeContext.Entities.Region::get_Name()
DA:20,37
FN:6,System.Void Ibge.Domain.RegionIbgeContext.Entities.Region::.ctor(System.Int32,System.String,System.String)
FNDA:19,System.Void Ibge.Domain.RegionIbgeContext.Entities.Region::.ctor(System.Int32,System.String,System.String)
DA:7,19
DA:8,19
DA:9,19
DA:10,19
DA:11,19
DA:12,19
FN:12,System.Void Ibge.Domain.RegionIbgeContext.Entities.Region::.ctor()
FNDA:16,System.Void Ibge.Domain.RegionIbgeContext.Entities.Region::.ctor()
DA:13,16
DA:14,16
DA:16,16
LF:12
LH:12
BRF:0
BRH:0
FNF:5
FNH:5
end_of_record
SF:C:\Users\Lucas\Teste\IBGE\Ibge.Domain\RegionIbgeContext\Commands\CreateRegionCommand.cs
FN:6,System.Void Ibge.Domain.RegionIbgeContext.Commands.CreateRegionCommand::.ctor(System.Int32,System.String,System.String)
FNDA:23,System.Void Ibge.Domain.RegionIbgeContext.Commands.CreateRegionCommand::.ctor(System.Int32,System.String,System.String)
DA:7,23
DA:8,23
DA:9,23
FN:9,System.Void Ibge.Domain.RegionIbgeContext.Commands.CreateRegionCommand::.ctor()
FNDA:5,System.Void Ibge.Domain.RegionIbgeContext.Commands.CreateRegionCommand::.ctor()
DA:10,5
DA:11,5
DA:13,5
LF:6
LH:6
BRF:0
BRH:0
FNF:2
FNH:2
end_of_record
SF:C:\Users\Lucas\Teste\IBGE\Ibge.Domain\RegionIbgeContext\Commands\DeleteRegionCommand.cs
FN:6,System.Void Ibge.Domain.RegionIbgeContext.Commands.DeleteRegionCommand::.ctor(System.Int32,System.String,System.String)
FNDA:11,System.Void Ibge.Domain.RegionIbgeContext.Commands.DeleteRegionCommand::.ctor(System.Int32,System.String,System.String)
DA:7,11
DA:8,11
DA:9,11
LF:3
LH:3
BRF:0
BRH:0
FNF:1
FNH:1
end_of_record
SF:C:\Users\Lucas\Teste\IBGE\Ibge.Domain\RegionIbgeContext\Commands\UpdateRegionCommand.cs
FN:6,System.Void Ibge.Domain.RegionIbgeContext.Commands.UpdateRegionCommand::.ctor(System.Int32,System.String,System.String)
FNDA:11,System.Void Ibge.Domain.RegionIbgeContext.Commands.UpdateRegionCommand::.ctor(System.Int32,System.String,System.String)
DA:7,11
DA:8,11
DA:9,11
LF:3
LH:3
BRF:0
BRH:0
FNF:1
FNH:1
end_of_record
SF:C:\Users\Lucas\Teste\IBGE\Ibge.Domain\RegionIbgeContext\Commands\Contracts\RegionCommand.cs
FN:19,System.Int32 Ibge.Domain.RegionIbgeContext.Commands.Contracts.RegionCommand::get_id()
FNDA:97,System.Int32 Ibge.Domain.RegionIbgeContext.Commands.Contracts.RegionCommand::get_id()
DA:20,97
FN:20,System.String Ibge.Domain.RegionIbgeContext.Commands.Contracts.RegionCommand::get_sigla()
FNDA:97,System.String Ibge.Domain.RegionIbgeContext.Commands.Contracts.RegionCommand::get_sigla()
DA:21,97
FN:21,System.String Ibge.Domain.RegionIbgeContext.Commands.Contracts.RegionCommand::get_nome()
FNDA:97,System.String Ibge.Domain.RegionIbgeContext.Commands.Contracts.RegionCommand::get_nome()
DA:22,97
FN:24,System.Void Ibge.Domain.RegionIbgeContext.Commands.Contracts.RegionCommand::Validate()
FNDA:32,System.Void Ibge.Domain.RegionIbgeContext.Commands.Contracts.RegionCommand::Validate()
DA:25,32
DA:26,32
DA:27,32
DA:28,32
DA:29,32
DA:30,32
DA:31,32
DA:32,32
FN:8,System.Void Ibge.Domain.RegionIbgeContext.Commands.Contracts.RegionCommand::.ctor()
FNDA:5,System.Void Ibge.Domain.RegionIbgeContext.Commands.Contracts.RegionCommand::.ctor()
DA:9,5
DA:10,5
DA:12,5
FN:12,System.Void Ibge.Domain.RegionIbgeContext.Commands.Contracts.RegionCommand::.ctor(System.Int32,System.String,System.String)
FNDA:45,System.Void Ibge.Domain.RegionIbgeContext.Commands.Contracts.RegionCommand::.ctor(System.Int32,System.String,System.String)
DA:13,45
DA:14,45
DA:15,45
DA:16,45
DA:17,45
DA:18,45
LF:20
LH:20
BRF:0
BRH:0
FNF:6
FNH:6
end_of_record
SF:c:\Users\Lucas\Teste\IBGE\Ibge.Domain.Infra\Repositories\RegionIbgeRepository.cs
FN:13,System.Void Ibge.Domain.Infra.Repositories.RegionIbgeRepository::.ctor(System.Net.Http.HttpClient)
FNDA:6,System.Void Ibge.Domain.Infra.Repositories.RegionIbgeRepository::.ctor(System.Net.Http.HttpClient)
DA:14,6
DA:15,6
DA:16,6
DA:17,6
FN:19,System.Void Ibge.Domain.Infra.Repositories.RegionIbgeRepository/<Get>d__2::MoveNext()
FNDA:3,System.Void Ibge.Domain.Infra.Repositories.RegionIbgeRepository/<Get>d__2::MoveNext()
DA:20,3
DA:21,3
DA:22,3
DA:23,3
DA:24,2
DA:26,1
DA:27,1
DA:28,1
DA:29,1
DA:30,1
DA:33,0
DA:34,3
BRDA:23,68,0,3
BRDA:23,68,1,0
BRDA:23,89,0,2
BRDA:23,89,1,1
BRDA:27,255,0,1
BRDA:27,255,1,0
LF:16
LH:15
BRF:6
BRH:4
FNF:2
FNH:2
end_of_record
SF:c:\Users\Lucas\Teste\IBGE\Ibge.Domain.Infra\Repositories\RegionRepository.cs
FN:20,Ibge.Domain.RegionIbgeContext.Entities.Region Ibge.Domain.Infra.Repositories.RegionRepository::Create(Ibge.Domain.RegionIbgeContext.Entities.Region)
FNDA:10,Ibge.Domain.RegionIbgeContext.Entities.Region Ibge.Domain.Infra.Repositories.RegionRepository::Create(Ibge.Domain.RegionIbgeContext.Entities.Region)
DA:21,10
DA:22,10
DA:23,10
DA:24,10
DA:25,10
FN:27,Ibge.Domain.RegionIbgeContext.Entities.Region Ibge.Domain.Infra.Repositories.RegionRepository::Delete(Ibge.Domain.RegionIbgeContext.Entities.Region)
FNDA:1,Ibge.Domain.RegionIbgeContext.Entities.Region Ibge.Domain.Infra.Repositories.RegionRepository::Delete(Ibge.Domain.RegionIbgeContext.Entities.Region)
DA:28,1
DA:29,1
DA:30,1
DA:31,1
DA:32,1
FN:34,System.Boolean Ibge.Domain.Infra.Repositories.RegionRepository::Exist(Ibge.Domain.RegionIbgeContext.Entities.Region)
FNDA:16,System.Boolean Ibge.Domain.Infra.Repositories.RegionRepository::Exist(Ibge.Domain.RegionIbgeContext.Entities.Region)
DA:35,16
DA:36,16
DA:37,16
FN:39,System.Collections.Generic.IEnumerable`1<Ibge.Domain.RegionIbgeContext.Entities.Region> Ibge.Domain.Infra.Repositories.RegionRepository::Get()
FNDA:1,System.Collections.Generic.IEnumerable`1<Ibge.Domain.RegionIbgeContext.Entities.Region> Ibge.Domain.Infra.Repositories.RegionRepository::Get()
DA:40,1
DA:41,1
DA:42,1
FN:44,Ibge.Domain.RegionIbgeContext.Entities.Region Ibge.Domain.Infra.Repositories.RegionRepository::Get(System.Int32)
FNDA:1,Ibge.Domain.RegionIbgeContext.Entities.Region Ibge.Domain.Infra.Repositories.RegionRepository::Get(System.Int32)
DA:45,1
DA:46,1
DA:47,1
DA:48,1
FN:50,Ibge.Domain.RegionIbgeContext.Entities.Region Ibge.Domain.Infra.Repositories.RegionRepository::Update(Ibge.Domain.RegionIbgeContext.Entities.Region)
FNDA:1,Ibge.Domain.RegionIbgeContext.Entities.Region Ibge.Domain.Infra.Repositories.RegionRepository::Update(Ibge.Domain.RegionIbgeContext.Entities.Region)
DA:51,1
DA:52,1
DA:53,1
DA:54,1
DA:55,1
FN:14,System.Void Ibge.Domain.Infra.Repositories.RegionRepository::.ctor(Ibge.Domain.Infra.Contexts.DataContext)
FNDA:13,System.Void Ibge.Domain.Infra.Repositories.RegionRepository::.ctor(Ibge.Domain.Infra.Contexts.DataContext)
DA:15,13
DA:16,13
DA:17,13
DA:18,13
LF:29
LH:29
BRF:0
BRH:0
FNF:7
FNH:7
end_of_record
SF:c:\Users\Lucas\Teste\IBGE\Ibge.Domain.Infra\Migrations\20200822062940_InitialCreate.cs
FN:7,System.Void Ibge.Domain.Infra.Migrations.InitialCreate::Up(Microsoft.EntityFrameworkCore.Migrations.MigrationBuilder)
FNDA:0,System.Void Ibge.Domain.Infra.Migrations.InitialCreate::Up(Microsoft.EntityFrameworkCore.Migrations.MigrationBuilder)
DA:8,0
DA:9,0
DA:10,0
DA:11,0
DA:12,0
DA:13,0
DA:14,0
DA:15,0
DA:16,0
DA:17,0
DA:18,0
DA:19,0
DA:20,0
DA:21,0
FN:23,System.Void Ibge.Domain.Infra.Migrations.InitialCreate::Down(Microsoft.EntityFrameworkCore.Migrations.MigrationBuilder)
FNDA:0,System.Void Ibge.Domain.Infra.Migrations.InitialCreate::Down(Microsoft.EntityFrameworkCore.Migrations.MigrationBuilder)
DA:24,0
DA:25,0
DA:26,0
DA:27,0
LF:18
LH:0
BRF:0
BRH:0
FNF:2
FNH:0
end_of_record
SF:c:\Users\Lucas\Teste\IBGE\Ibge.Domain.Infra\Migrations\20200822062940_InitialCreate.Designer.cs
FN:15,System.Void Ibge.Domain.Infra.Migrations.InitialCreate::BuildTargetModel(Microsoft.EntityFrameworkCore.ModelBuilder)
FNDA:0,System.Void Ibge.Domain.Infra.Migrations.InitialCreate::BuildTargetModel(Microsoft.EntityFrameworkCore.ModelBuilder)
DA:16,0
DA:18,0
DA:19,0
DA:20,0
DA:21,0
DA:23,0
DA:24,0
DA:25,0
DA:26,0
DA:27,0
DA:28,0
DA:29,0
DA:30,0
DA:31,0
DA:32,0
DA:33,0
DA:34,0
DA:35,0
DA:36,0
DA:37,0
DA:39,0
LF:21
LH:0
BRF:0
BRH:0
FNF:1
FNH:0
end_of_record
SF:c:\Users\Lucas\Teste\IBGE\Ibge.Domain.Infra\Migrations\DataContextModelSnapshot.cs
FN:13,System.Void Ibge.Domain.Infra.Migrations.DataContextModelSnapshot::BuildModel(Microsoft.EntityFrameworkCore.ModelBuilder)
FNDA:0,System.Void Ibge.Domain.Infra.Migrations.DataContextModelSnapshot::BuildModel(Microsoft.EntityFrameworkCore.ModelBuilder)
DA:14,0
DA:16,0
DA:17,0
DA:18,0
DA:19,0
DA:21,0
DA:22,0
DA:23,0
DA:24,0
DA:25,0
DA:26,0
DA:27,0
DA:28,0
DA:29,0
DA:30,0
DA:31,0
DA:32,0
DA:33,0
DA:34,0
DA:35,0
DA:37,0
LF:21
LH:0
BRF:0
BRH:0
FNF:1
FNH:0
end_of_record
SF:c:\Users\Lucas\Teste\IBGE\Ibge.Domain.Infra\Contexts\DataContext.cs
FN:17,System.Void Ibge.Domain.Infra.Contexts.DataContext::OnConfiguring(Microsoft.EntityFrameworkCore.DbContextOptionsBuilder)
FNDA:0,System.Void Ibge.Domain.Infra.Contexts.DataContext::OnConfiguring(Microsoft.EntityFrameworkCore.DbContextOptionsBuilder)
DA:18,0
DA:19,0
DA:20,0
FN:20,Microsoft.EntityFrameworkCore.DbSet`1<Ibge.Domain.RegionIbgeContext.Entities.Region> Ibge.Domain.Infra.Contexts.DataContext::get_Region()
FNDA:42,Microsoft.EntityFrameworkCore.DbSet`1<Ibge.Domain.RegionIbgeContext.Entities.Region> Ibge.Domain.Infra.Contexts.DataContext::get_Region()
DA:21,42
FN:8,System.Void Ibge.Domain.Infra.Contexts.DataContext::.ctor(Microsoft.EntityFrameworkCore.DbContextOptions`1<Ibge.Domain.Infra.Contexts.DataContext>)
FNDA:0,System.Void Ibge.Domain.Infra.Contexts.DataContext::.ctor(Microsoft.EntityFrameworkCore.DbContextOptions`1<Ibge.Domain.Infra.Contexts.DataContext>)
DA:9,0
DA:10,0
DA:12,0
FN:12,System.Void Ibge.Domain.Infra.Contexts.DataContext::.ctor()
FNDA:13,System.Void Ibge.Domain.Infra.Contexts.DataContext::.ctor()
DA:13,13
DA:14,13
DA:16,13
LF:10
LH:4
BRF:0
BRH:0
FNF:4
FNH:2
end_of_record