SF:C:\Users\Lucas\Teste\IBGE\Ibge.Domain\RegionIbgeContext\ValueObject\RegionDiff.cs
FN:12,System.Int32 Ibge.Domain.RegionIbgeContext.ValueObject.RegionDiff::get_Id()
FNDA:25,System.Int32 Ibge.Domain.RegionIbgeContext.ValueObject.RegionDiff::get_Id()
DA:13,25
FN:13,Ibge.Domain.RegionIbgeContext.Dtos.Diff Ibge.Domain.RegionIbgeContext.ValueObject.RegionDiff::get_Initials()
FNDA:26,Ibge.Domain.RegionIbgeContext.Dtos.Diff Ibge.Domain.RegionIbgeContext.ValueObject.RegionDiff::get_Initials()
DA:14,26
FN:14,Ibge.Domain.RegionIbgeContext.Dtos.Diff Ibge.Domain.RegionIbgeContext.ValueObject.RegionDiff::get_Name()
FNDA:26,Ibge.Domain.RegionIbgeContext.Dtos.Diff Ibge.Domain.RegionIbgeContext.ValueObject.RegionDiff::get_Name()
DA:15,26
FN:15,System.Boolean Ibge.Domain.RegionIbgeContext.ValueObject.RegionDiff::get_isDiferent()
FNDA:48,System.Boolean Ibge.Domain.RegionIbgeContext.ValueObject.RegionDiff::get_isDiferent()
DA:16,48
FN:27,System.Collections.Generic.IEnumerable`1<Ibge.Domain.RegionIbgeContext.ValueObject.RegionDiff> Ibge.Domain.RegionIbgeContext.ValueObject.RegionDiff::GetDiffs()
FNDA:12,System.Collections.Generic.IEnumerable`1<Ibge.Domain.RegionIbgeContext.ValueObject.RegionDiff> Ibge.Domain.RegionIbgeContext.ValueObject.RegionDiff::GetDiffs()
DA:28,12
DA:29,12
DA:30,83
DA:31,36
DA:32,36
DA:33,36
DA:34,36
DA:35,36
DA:36,36
DA:37,60
DA:38,12
FN:39,System.Collections.Generic.IEnumerable`1<Ibge.Domain.RegionIbgeContext.Entities.Region> Ibge.Domain.RegionIbgeContext.ValueObject.RegionDiff::GetNonexistentsInIbge()
FNDA:6,System.Collections.Generic.IEnumerable`1<Ibge.Domain.RegionIbgeContext.Entities.Region> Ibge.Domain.RegionIbgeContext.ValueObject.RegionDiff::GetNonexistentsInIbge()
DA:40,6
DA:41,6
DA:42,45
DA:43,6
DA:44,6
FN:45,System.Collections.Generic.IEnumerable`1<Ibge.Domain.RegionIbgeContext.Entities.Region> Ibge.Domain.RegionIbgeContext.ValueObject.RegionDiff::GetNonexistentInLocal()
FNDA:6,System.Collections.Generic.IEnumerable`1<Ibge.Domain.RegionIbgeContext.Entities.Region> Ibge.Domain.RegionIbgeContext.ValueObject.RegionDiff::GetNonexistentInLocal()
DA:46,6
DA:47,6
DA:48,50
DA:49,6
DA:50,6
FN:16,System.Void Ibge.Domain.RegionIbgeContext.ValueObject.RegionDiff::.ctor(System.Collections.Generic.IEnumerable`1<Ibge.Domain.RegionIbgeContext.Entities.Region>,System.Collections.Generic.IEnumerable`1<Ibge.Domain.RegionIbgeContext.Entities.Region>)
FNDA:14,System.Void Ibge.Domain.RegionIbgeContext.ValueObject.RegionDiff::.ctor(System.Collections.Generic.IEnumerable`1<Ibge.Domain.RegionIbgeContext.Entities.Region>,System.Collections.Generic.IEnumerable`1<Ibge.Domain.RegionIbgeContext.Entities.Region>)
DA:17,14
DA:18,14
DA:19,14
DA:20,14
DA:21,14
FN:22,System.Void Ibge.Domain.RegionIbgeContext.ValueObject.RegionDiff::.ctor()
FNDA:24,System.Void Ibge.Domain.RegionIbgeContext.ValueObject.RegionDiff::.ctor()
DA:23,24
DA:24,24
DA:26,24
LF:33
LH:33
BRF:0
BRH:0
FNF:9
FNH:9
end_of_record
SF:C:\Users\Lucas\Teste\IBGE\Ibge.Domain\RegionIbgeContext\Services\RegionDiffServices.cs
FN:15,System.Collections.Generic.IEnumerable`1<Ibge.Domain.RegionIbgeContext.ValueObject.RegionDiff> Ibge.Domain.RegionIbgeContext.Services.RegionDiffServices::get_Diffs()
FNDA:7,System.Collections.Generic.IEnumerable`1<Ibge.Domain.RegionIbgeContext.ValueObject.RegionDiff> Ibge.Domain.RegionIbgeContext.Services.RegionDiffServices::get_Diffs()
DA:16,7
FN:16,System.Collections.Generic.IEnumerable`1<Ibge.Domain.RegionIbgeContext.Entities.Region> Ibge.Domain.RegionIbgeContext.Services.RegionDiffServices::get_LocalNonexistent()
FNDA:7,System.Collections.Generic.IEnumerable`1<Ibge.Domain.RegionIbgeContext.Entities.Region> Ibge.Domain.RegionIbgeContext.Services.RegionDiffServices::get_LocalNonexistent()
DA:17,7
FN:17,System.Collections.Generic.IEnumerable`1<Ibge.Domain.RegionIbgeContext.Entities.Region> Ibge.Domain.RegionIbgeContext.Services.RegionDiffServices::get_IbgeNonexistent()
FNDA:6,System.Collections.Generic.IEnumerable`1<Ibge.Domain.RegionIbgeContext.Entities.Region> Ibge.Domain.RegionIbgeContext.Services.RegionDiffServices::get_IbgeNonexistent()
DA:18,6
FN:21,System.Void Ibge.Domain.RegionIbgeContext.Services.RegionDiffServices::.ctor(Ibge.Domain.RegionIbgeContext.Repositories.IRegionIbgeRepository,Ibge.Domain.RegionIbgeContext.Repositories.IRegionRepository)
FNDA:5,System.Void Ibge.Domain.RegionIbgeContext.Services.RegionDiffServices::.ctor(Ibge.Domain.RegionIbgeContext.Repositories.IRegionIbgeRepository,Ibge.Domain.RegionIbgeContext.Repositories.IRegionRepository)
DA:22,5
DA:23,5
DA:24,5
DA:25,5
DA:26,5
DA:27,5
DA:28,5
FN:29,System.Void Ibge.Domain.RegionIbgeContext.Services.RegionDiffServices/<Get>d__16::MoveNext()
FNDA:5,System.Void Ibge.Domain.RegionIbgeContext.Services.RegionDiffServices/<Get>d__16::MoveNext()
DA:30,5
DA:31,5
DA:32,5
DA:33,5
DA:34,5
DA:35,5
DA:36,5
DA:37,5
DA:38,5
DA:39,5
LF:20
LH:20
BRF:0
BRH:0
FNF:5
FNH:5
end_of_record
SF:C:\Users\Lucas\Teste\IBGE\Ibge.Domain\RegionIbgeContext\Queries\RegionQueries.cs
FN:9,System.Linq.Expressions.Expression`1<System.Func`2<Ibge.Domain.RegionIbgeContext.Entities.Region,System.Boolean>> Ibge.Domain.RegionIbgeContext.Queries.RegionQueries::GetRegionById(System.Int32)
FNDA:26,System.Linq.Expressions.Expression`1<System.Func`2<Ibge.Domain.RegionIbgeContext.Entities.Region,System.Boolean>> Ibge.Domain.RegionIbgeContext.Queries.RegionQueries::GetRegionById(System.Int32)
DA:10,26
DA:11,26
DA:12,26
LF:3
LH:3
BRF:0
BRH:0
FNF:1
FNH:1
end_of_record
SF:C:\Users\Lucas\Teste\IBGE\Ibge.Domain\RegionIbgeContext\Mapping\AutoMapperConfiguration.cs
FN:18,AutoMapper.IMapper Ibge.Domain.RegionIbgeContext.Mapping.AutoMapperConfiguration::get_Mapper()
FNDA:27,AutoMapper.IMapper Ibge.Domain.RegionIbgeContext.Mapping.AutoMapperConfiguration::get_Mapper()
DA:19,27
FN:8,System.Void Ibge.Domain.RegionIbgeContext.Mapping.AutoMapperConfiguration::.cctor()
FNDA:1,System.Void Ibge.Domain.RegionIbgeContext.Mapping.AutoMapperConfiguration::.cctor()
DA:9,1
DA:10,2
DA:11,2
DA:12,3
DA:13,3
DA:14,3
DA:15,2
DA:16,2
DA:17,2
LF:10
LH:10
BRF:0
BRH:0
FNF:2
FNH:2
end_of_record
SF:C:\Users\Lucas\Teste\IBGE\Ibge.Domain\RegionIbgeContext\Mapping\Profiles\RegionProfile.cs
FN:8,System.Void Ibge.Domain.RegionIbgeContext.Mapping.Profiles.RegionProfile::.ctor()
FNDA:1,System.Void Ibge.Domain.RegionIbgeContext.Mapping.Profiles.RegionProfile::.ctor()
DA:9,1
DA:10,1
DA:11,1
DA:12,2
DA:13,2
DA:14,2
DA:15,1
DA:16,2
DA:17,2
DA:18,2
DA:19,1
LF:11
LH:11
BRF:0
BRH:0
FNF:1
FNH:1
end_of_record
SF:C:\Users\Lucas\Teste\IBGE\Ibge.Domain\RegionIbgeContext\Handlers\RegionHandler.cs
FN:21,Ibge.Domain.RegionIbgeContext.Handlers.Contract.HandlerResult`1<Ibge.Domain.RegionIbgeContext.Commands.CreateRegionCommand> Ibge.Domain.RegionIbgeContext.Handlers.RegionHandler::Handle(Ibge.Domain.RegionIbgeContext.Commands.CreateRegionCommand)
FNDA:20,Ibge.Domain.RegionIbgeContext.Handlers.Contract.HandlerResult`1<Ibge.Domain.RegionIbgeContext.Commands.CreateRegionCommand> Ibge.Domain.RegionIbgeContext.Handlers.RegionHandler::Handle(Ibge.Domain.RegionIbgeContext.Commands.CreateRegionCommand)
DA:22,20
DA:23,20
DA:24,20
DA:25,2
DA:26,2
DA:28,18
DA:30,18
DA:31,16
DA:32,16
DA:34,2
DA:36,2
DA:37,20
BRDA:24,16,0,2
BRDA:24,16,1,18
BRDA:30,59,0,16
BRDA:30,59,1,2
FN:39,Ibge.Domain.RegionIbgeContext.Handlers.Contract.HandlerResult`1<Ibge.Domain.RegionIbgeContext.Commands.UpdateRegionCommand> Ibge.Domain.RegionIbgeContext.Handlers.RegionHandler::Handle(Ibge.Domain.RegionIbgeContext.Commands.UpdateRegionCommand)
FNDA:4,Ibge.Domain.RegionIbgeContext.Handlers.Contract.HandlerResult`1<Ibge.Domain.RegionIbgeContext.Commands.UpdateRegionCommand> Ibge.Domain.RegionIbgeContext.Handlers.RegionHandler::Handle(Ibge.Domain.RegionIbgeContext.Commands.UpdateRegionCommand)
DA:40,4
DA:41,4
DA:42,4
DA:43,2
DA:44,2
DA:46,2
DA:48,2
DA:49,1
DA:50,1
DA:52,1
DA:54,1
DA:55,4
BRDA:42,16,0,2
BRDA:42,16,1,2
BRDA:48,62,0,1
BRDA:48,62,1,1
FN:57,Ibge.Domain.RegionIbgeContext.Handlers.Contract.HandlerResult`1<Ibge.Domain.RegionIbgeContext.Commands.DeleteRegionCommand> Ibge.Domain.RegionIbgeContext.Handlers.RegionHandler::Handle(Ibge.Domain.RegionIbgeContext.Commands.DeleteRegionCommand)
FNDA:3,Ibge.Domain.RegionIbgeContext.Handlers.Contract.HandlerResult`1<Ibge.Domain.RegionIbgeContext.Commands.DeleteRegionCommand> Ibge.Domain.RegionIbgeContext.Handlers.RegionHandler::Handle(Ibge.Domain.RegionIbgeContext.Commands.DeleteRegionCommand)
DA:58,3
DA:59,3
DA:60,3
DA:61,1
DA:62,1
DA:64,2
DA:66,2
DA:67,1
DA:68,1
DA:70,1
DA:72,1
DA:73,3
BRDA:60,16,0,1
BRDA:60,16,1,2
BRDA:66,62,0,1
BRDA:66,62,1,1
FN:16,System.Void Ibge.Domain.RegionIbgeContext.Handlers.RegionHandler::.ctor(Ibge.Domain.RegionIbgeContext.Repositories.IRegionRepository)
FNDA:14,System.Void Ibge.Domain.RegionIbgeContext.Handlers.RegionHandler::.ctor(Ibge.Domain.RegionIbgeContext.Repositories.IRegionRepository)
DA:17,14
DA:18,14
DA:19,14
LF:39
LH:39
BRF:12
BRH:12
FNF:4
FNH:4
end_of_record
SF:C:\Users\Lucas\Teste\IBGE\Ibge.Domain\RegionIbgeContext\Handlers\RegionIntegrationHandler.cs
FN:16,System.Void Ibge.Domain.RegionIbgeContext.Handlers.RegionIntegrationHandler::.ctor(Ibge.Domain.RegionIbgeContext.Repositories.IRegionIbgeRepository,Ibge.Domain.RegionIbgeContext.Handlers.Contract.IHandler`1<Ibge.Domain.RegionIbgeContext.Commands.CreateRegionCommand>)
FNDA:6,System.Void Ibge.Domain.RegionIbgeContext.Handlers.RegionIntegrationHandler::.ctor(Ibge.Domain.RegionIbgeContext.Repositories.IRegionIbgeRepository,Ibge.Domain.RegionIbgeContext.Handlers.Contract.IHandler`1<Ibge.Domain.RegionIbgeContext.Commands.CreateRegionCommand>)
DA:17,6
DA:18,6
DA:19,6
DA:20,6
DA:21,6
DA:22,6
DA:23,6
FN:25,System.Void Ibge.Domain.RegionIbgeContext.Handlers.RegionIntegrationHandler/<Execute>d__3::MoveNext()
FNDA:3,System.Void Ibge.Domain.RegionIbgeContext.Handlers.RegionIntegrationHandler/<Execute>d__3::MoveNext()
DA:26,3
DA:27,3
DA:28,3
DA:30,3
DA:31,2
DA:32,2
DA:33,2
DA:36,13
DA:37,5
DA:38,5
DA:39,5
DA:40,1
DA:41,3
BRDA:30,179,0,2
BRDA:30,179,1,1
BRDA:36,307,1,5
BRDA:36,307,0,1
LF:20
LH:20
BRF:4
BRH:4
FNF:2
FNH:2
end_of_record
SF:C:\Users\Lucas\Teste\IBGE\Ibge.Domain\RegionIbgeContext\Handlers\Contract\HandlerResult.cs
FN:11,System.Boolean Ibge.Domain.RegionIbgeContext.Handlers.Contract.HandlerResult`1::get_Success()
FNDA:39,System.Boolean Ibge.Domain.RegionIbgeContext.Handlers.Contract.HandlerResult`1::get_Success()
DA:12,39
FN:12,System.String Ibge.Domain.RegionIbgeContext.Handlers.Contract.HandlerResult`1::get_Message()
FNDA:37,System.String Ibge.Domain.RegionIbgeContext.Handlers.Contract.HandlerResult`1::get_Message()
DA:13,37
FN:13,T Ibge.Domain.RegionIbgeContext.Handlers.Contract.HandlerResult`1::get_Data()
FNDA:32,T Ibge.Domain.RegionIbgeContext.Handlers.Contract.HandlerResult`1::get_Data()
DA:14,32
FN:4,System.Void Ibge.Domain.RegionIbgeContext.Handlers.Contract.HandlerResult`1::.ctor(System.String,T,System.Boolean)
FNDA:31,System.Void Ibge.Domain.RegionIbgeContext.Handlers.Contract.HandlerResult`1::.ctor(System.String,T,System.Boolean)
DA:5,31
DA:6,31
DA:7,31
DA:8,31
DA:9,31
DA:10,31
LF:9
LH:9
BRF:0
BRH:0
FNF:4
FNH:4
end_of_record
SF:C:\Users\Lucas\Teste\IBGE\Ibge.Domain\RegionIbgeContext\Enums\IbgeEndPoints.cs
FN:5,System.String Ibge.Domain.RegionIbgeContext.Enums.IbgeEndPoints::get_Value()
FNDA:24,System.String Ibge.Domain.RegionIbgeContext.Enums.IbgeEndPoints::get_Value()
DA:6,24
FN:9,Ibge.Domain.RegionIbgeContext.Enums.IbgeEndPoints Ibge.Domain.RegionIbgeContext.Enums.IbgeEndPoints::get_RegionUrl()
FNDA:10,Ibge.Domain.RegionIbgeContext.Enums.IbgeEndPoints Ibge.Domain.RegionIbgeContext.Enums.IbgeEndPoints::get_RegionUrl()
DA:10,10
DA:11,10
DA:12,10
FN:16,Ibge.Domain.RegionIbgeContext.Enums.IbgeEndPoints Ibge.Domain.RegionIbgeContext.Enums.IbgeEndPoints::get_VoidUrl()
FNDA:2,Ibge.Domain.RegionIbgeContext.Enums.IbgeEndPoints Ibge.Domain.RegionIbgeContext.Enums.IbgeEndPoints::get_VoidUrl()
DA:17,2
DA:18,2
DA:19,2
FN:4,System.Void Ibge.Domain.RegionIbgeContext.Enums.IbgeEndPoints::.ctor(System.String)
FNDA:48,System.Void Ibge.Domain.RegionIbgeContext.Enums.IbgeEndPoints::.ctor(System.String)
DA:5,48
LF:8
LH:8
BRF:0
BRH:0
FNF:4
FNH:4
end_of_record
SF:C:\Users\Lucas\Teste\IBGE\Ibge.Domain\RegionIbgeContext\Entities\Region.cs
FN:19,System.Int32 Ibge.Domain.RegionIbgeContext.Entities.Region::get_Id()
FNDA:545,System.Int32 Ibge.Domain.RegionIbgeContext.Entities.Region::get_Id()
DA:20,545
FN:20,System.String Ibge.Domain.RegionIbgeContext.Entities.Region::get_Initials()
FNDA:382,System.String Ibge.Domain.RegionIbgeContext.Entities.Region::get_Initials()
DA:21,382
FN:21,System.String Ibge.Domain.RegionIbgeContext.Entities.Region::get_Name()
FNDA:398,System.String Ibge.Domain.RegionIbgeContext.Entities.Region::get_Name()
DA:22,398
FN:24,System.Boolean Ibge.Domain.RegionIbgeContext.Entities.Region::Equals(Ibge.Domain.RegionIbgeContext.Entities.Region)
FNDA:24,System.Boolean Ibge.Domain.RegionIbgeContext.Entities.Region::Equals(Ibge.Domain.RegionIbgeContext.Entities.Region)
DA:25,24
DA:26,24
DA:27,24
DA:28,24
BRDA:26,18,0,17
BRDA:26,18,1,7
FN:8,System.Void Ibge.Domain.RegionIbgeContext.Entities.Region::.ctor(System.Int32,System.String,System.String)
FNDA:252,System.Void Ibge.Domain.RegionIbgeContext.Entities.Region::.ctor(System.Int32,System.String,System.String)
DA:9,252
DA:10,252
DA:11,252
DA:12,252
DA:13,252
DA:14,252
FN:14,System.Void Ibge.Domain.RegionIbgeContext.Entities.Region::.ctor()
FNDA:113,System.Void Ibge.Domain.RegionIbgeContext.Entities.Region::.ctor()
DA:15,113
DA:16,113
DA:18,113
LF:16
LH:16
BRF:2
BRH:2
FNF:6
FNH:6
end_of_record
SF:C:\Users\Lucas\Teste\IBGE\Ibge.Domain\RegionIbgeContext\Dtos\Diff.cs
FN:10,System.String Ibge.Domain.RegionIbgeContext.Dtos.Diff::get_Local()
FNDA:50,System.String Ibge.Domain.RegionIbgeContext.Dtos.Diff::get_Local()
DA:11,50
FN:11,System.String Ibge.Domain.RegionIbgeContext.Dtos.Diff::get_Ibge()
FNDA:50,System.String Ibge.Domain.RegionIbgeContext.Dtos.Diff::get_Ibge()
DA:12,50
FN:5,System.Void Ibge.Domain.RegionIbgeContext.Dtos.Diff::.ctor(System.String,System.String)
FNDA:48,System.Void Ibge.Domain.RegionIbgeContext.Dtos.Diff::.ctor(System.String,System.String)
DA:6,48
DA:7,48
DA:8,48
DA:9,48
DA:10,48
LF:7
LH:7
BRF:0
BRH:0
FNF:3
FNH:3
end_of_record
SF:C:\Users\Lucas\Teste\IBGE\Ibge.Domain\RegionIbgeContext\Commands\CreateRegionCommand.cs
FN:6,System.Void Ibge.Domain.RegionIbgeContext.Commands.CreateRegionCommand::.ctor(System.Int32,System.String,System.String)
FNDA:38,System.Void Ibge.Domain.RegionIbgeContext.Commands.CreateRegionCommand::.ctor(System.Int32,System.String,System.String)
DA:7,38
DA:8,38
DA:9,38
FN:9,System.Void Ibge.Domain.RegionIbgeContext.Commands.CreateRegionCommand::.ctor()
FNDA:35,System.Void Ibge.Domain.RegionIbgeContext.Commands.CreateRegionCommand::.ctor()
DA:10,35
DA:11,35
DA:13,35
LF:6
LH:6
BRF:0
BRH:0
FNF:2
FNH:2
end_of_record
SF:C:\Users\Lucas\Teste\IBGE\Ibge.Domain\RegionIbgeContext\Commands\DeleteRegionCommand.cs
FN:6,System.Void Ibge.Domain.RegionIbgeContext.Commands.DeleteRegionCommand::.ctor(System.Int32,System.String,System.String)
FNDA:38,System.Void Ibge.Domain.RegionIbgeContext.Commands.DeleteRegionCommand::.ctor(System.Int32,System.String,System.String)
DA:7,38
DA:8,38
DA:9,38
LF:3
LH:3
BRF:0
BRH:0
FNF:1
FNH:1
end_of_record
SF:C:\Users\Lucas\Teste\IBGE\Ibge.Domain\RegionIbgeContext\Commands\UpdateRegionCommand.cs
FN:6,System.Void Ibge.Domain.RegionIbgeContext.Commands.UpdateRegionCommand::.ctor(System.Int32,System.String,System.String)
FNDA:38,System.Void Ibge.Domain.RegionIbgeContext.Commands.UpdateRegionCommand::.ctor(System.Int32,System.String,System.String)
DA:7,38
DA:8,38
DA:9,38
LF:3
LH:3
BRF:0
BRH:0
FNF:1
FNH:1
end_of_record
SF:C:\Users\Lucas\Teste\IBGE\Ibge.Domain\RegionIbgeContext\Commands\Contracts\RegionCommand.cs
FN:19,System.Int32 Ibge.Domain.RegionIbgeContext.Commands.Contracts.RegionCommand::get_id()
FNDA:238,System.Int32 Ibge.Domain.RegionIbgeContext.Commands.Contracts.RegionCommand::get_id()
DA:20,238
FN:20,System.String Ibge.Domain.RegionIbgeContext.Commands.Contracts.RegionCommand::get_sigla()
FNDA:238,System.String Ibge.Domain.RegionIbgeContext.Commands.Contracts.RegionCommand::get_sigla()
DA:21,238
FN:21,System.String Ibge.Domain.RegionIbgeContext.Commands.Contracts.RegionCommand::get_nome()
FNDA:238,System.String Ibge.Domain.RegionIbgeContext.Commands.Contracts.RegionCommand::get_nome()
DA:22,238
FN:24,System.Void Ibge.Domain.RegionIbgeContext.Commands.Contracts.RegionCommand::Validate()
FNDA:42,System.Void Ibge.Domain.RegionIbgeContext.Commands.Contracts.RegionCommand::Validate()
DA:25,42
DA:26,42
DA:27,42
DA:28,42
DA:29,42
DA:30,42
DA:31,42
DA:32,42
FN:8,System.Void Ibge.Domain.RegionIbgeContext.Commands.Contracts.RegionCommand::.ctor()
FNDA:35,System.Void Ibge.Domain.RegionIbgeContext.Commands.Contracts.RegionCommand::.ctor()
DA:9,35
DA:10,35
DA:12,35
FN:12,System.Void Ibge.Domain.RegionIbgeContext.Commands.Contracts.RegionCommand::.ctor(System.Int32,System.String,System.String)
FNDA:114,System.Void Ibge.Domain.RegionIbgeContext.Commands.Contracts.RegionCommand::.ctor(System.Int32,System.String,System.String)
DA:13,114
DA:14,114
DA:15,114
DA:16,114
DA:17,114
DA:18,114
LF:20
LH:20
BRF:0
BRH:0
FNF:6
FNH:6
end_of_record
SF:C:\Users\Lucas\Teste\IBGE\Ibge.Domain.Infra\Repositories\RegionIbgeRepository.cs
FN:13,System.Void Ibge.Domain.Infra.Repositories.RegionIbgeRepository::.ctor(System.Net.Http.HttpClient)
FNDA:13,System.Void Ibge.Domain.Infra.Repositories.RegionIbgeRepository::.ctor(System.Net.Http.HttpClient)
DA:14,13
DA:15,13
DA:16,13
DA:17,13
FN:19,System.Void Ibge.Domain.Infra.Repositories.RegionIbgeRepository/<Get>d__2::MoveNext()
FNDA:10,System.Void Ibge.Domain.Infra.Repositories.RegionIbgeRepository/<Get>d__2::MoveNext()
DA:20,10
DA:21,10
DA:22,10
DA:23,10
DA:24,3
DA:26,7
DA:27,7
DA:28,7
DA:29,7
DA:30,7
DA:33,0
DA:34,10
BRDA:23,68,0,9
BRDA:23,68,1,1
BRDA:23,89,0,3
BRDA:23,89,1,7
BRDA:27,255,0,7
BRDA:27,255,1,0
LF:16
LH:15
BRF:6
BRH:5
FNF:2
FNH:2
end_of_record
SF:C:\Users\Lucas\Teste\IBGE\Ibge.Domain.Infra\Repositories\RegionRepository.cs
FN:20,Ibge.Domain.RegionIbgeContext.Entities.Region Ibge.Domain.Infra.Repositories.RegionRepository::Create(Ibge.Domain.RegionIbgeContext.Entities.Region)
FNDA:32,Ibge.Domain.RegionIbgeContext.Entities.Region Ibge.Domain.Infra.Repositories.RegionRepository::Create(Ibge.Domain.RegionIbgeContext.Entities.Region)
DA:21,32
DA:22,32
DA:23,32
DA:24,32
DA:25,32
FN:27,Ibge.Domain.RegionIbgeContext.Entities.Region Ibge.Domain.Infra.Repositories.RegionRepository::Delete(Ibge.Domain.RegionIbgeContext.Entities.Region)
FNDA:3,Ibge.Domain.RegionIbgeContext.Entities.Region Ibge.Domain.Infra.Repositories.RegionRepository::Delete(Ibge.Domain.RegionIbgeContext.Entities.Region)
DA:28,3
DA:29,3
DA:30,3
DA:31,3
DA:32,3
FN:34,System.Boolean Ibge.Domain.Infra.Repositories.RegionRepository::Exist(Ibge.Domain.RegionIbgeContext.Entities.Region)
FNDA:23,System.Boolean Ibge.Domain.Infra.Repositories.RegionRepository::Exist(Ibge.Domain.RegionIbgeContext.Entities.Region)
DA:35,23
DA:36,23
DA:37,23
FN:39,System.Collections.Generic.IEnumerable`1<Ibge.Domain.RegionIbgeContext.Entities.Region> Ibge.Domain.Infra.Repositories.RegionRepository::Get()
FNDA:22,System.Collections.Generic.IEnumerable`1<Ibge.Domain.RegionIbgeContext.Entities.Region> Ibge.Domain.Infra.Repositories.RegionRepository::Get()
DA:40,22
DA:41,22
DA:42,22
FN:44,Ibge.Domain.RegionIbgeContext.Entities.Region Ibge.Domain.Infra.Repositories.RegionRepository::Get(System.Int32)
FNDA:3,Ibge.Domain.RegionIbgeContext.Entities.Region Ibge.Domain.Infra.Repositories.RegionRepository::Get(System.Int32)
DA:45,3
DA:46,3
DA:47,3
DA:48,3
FN:50,Ibge.Domain.RegionIbgeContext.Entities.Region Ibge.Domain.Infra.Repositories.RegionRepository::Update(Ibge.Domain.RegionIbgeContext.Entities.Region)
FNDA:1,Ibge.Domain.RegionIbgeContext.Entities.Region Ibge.Domain.Infra.Repositories.RegionRepository::Update(Ibge.Domain.RegionIbgeContext.Entities.Region)
DA:51,1
DA:52,1
DA:53,1
DA:54,1
DA:55,1
FN:14,System.Void Ibge.Domain.Infra.Repositories.RegionRepository::.ctor(Ibge.Domain.Infra.Contexts.DataContext)
FNDA:23,System.Void Ibge.Domain.Infra.Repositories.RegionRepository::.ctor(Ibge.Domain.Infra.Contexts.DataContext)
DA:15,23
DA:16,23
DA:17,23
DA:18,23
LF:29
LH:29
BRF:0
BRH:0
FNF:7
FNH:7
end_of_record
SF:C:\Users\Lucas\Teste\IBGE\Ibge.Domain.Infra\Migrations\20200822062940_InitialCreate.cs
FN:7,System.Void Ibge.Domain.Infra.Migrations.InitialCreate::Up(Microsoft.EntityFrameworkCore.Migrations.MigrationBuilder)
FNDA:0,System.Void Ibge.Domain.Infra.Migrations.InitialCreate::Up(Microsoft.EntityFrameworkCore.Migrations.MigrationBuilder)
DA:8,0
DA:9,0
DA:10,0
DA:11,0
DA:12,0
DA:13,0
DA:14,0
DA:15,0
DA:16,0
DA:17,0
DA:18,0
DA:19,0
DA:20,0
DA:21,0
FN:23,System.Void Ibge.Domain.Infra.Migrations.InitialCreate::Down(Microsoft.EntityFrameworkCore.Migrations.MigrationBuilder)
FNDA:0,System.Void Ibge.Domain.Infra.Migrations.InitialCreate::Down(Microsoft.EntityFrameworkCore.Migrations.MigrationBuilder)
DA:24,0
DA:25,0
DA:26,0
DA:27,0
LF:18
LH:0
BRF:0
BRH:0
FNF:2
FNH:0
end_of_record
SF:C:\Users\Lucas\Teste\IBGE\Ibge.Domain.Infra\Migrations\20200822062940_InitialCreate.Designer.cs
FN:15,System.Void Ibge.Domain.Infra.Migrations.InitialCreate::BuildTargetModel(Microsoft.EntityFrameworkCore.ModelBuilder)
FNDA:0,System.Void Ibge.Domain.Infra.Migrations.InitialCreate::BuildTargetModel(Microsoft.EntityFrameworkCore.ModelBuilder)
DA:16,0
DA:18,0
DA:19,0
DA:20,0
DA:21,0
DA:23,0
DA:24,0
DA:25,0
DA:26,0
DA:27,0
DA:28,0
DA:29,0
DA:30,0
DA:31,0
DA:32,0
DA:33,0
DA:34,0
DA:35,0
DA:36,0
DA:37,0
DA:39,0
LF:21
LH:0
BRF:0
BRH:0
FNF:1
FNH:0
end_of_record
SF:C:\Users\Lucas\Teste\IBGE\Ibge.Domain.Infra\Migrations\DataContextModelSnapshot.cs
FN:13,System.Void Ibge.Domain.Infra.Migrations.DataContextModelSnapshot::BuildModel(Microsoft.EntityFrameworkCore.ModelBuilder)
FNDA:0,System.Void Ibge.Domain.Infra.Migrations.DataContextModelSnapshot::BuildModel(Microsoft.EntityFrameworkCore.ModelBuilder)
DA:14,0
DA:16,0
DA:17,0
DA:18,0
DA:19,0
DA:21,0
DA:22,0
DA:23,0
DA:24,0
DA:25,0
DA:26,0
DA:27,0
DA:28,0
DA:29,0
DA:30,0
DA:31,0
DA:32,0
DA:33,0
DA:34,0
DA:35,0
DA:37,0
LF:21
LH:0
BRF:0
BRH:0
FNF:1
FNH:0
end_of_record
SF:C:\Users\Lucas\Teste\IBGE\Ibge.Domain.Infra\Contexts\DataContext.cs
FN:17,System.Void Ibge.Domain.Infra.Contexts.DataContext::OnConfiguring(Microsoft.EntityFrameworkCore.DbContextOptionsBuilder)
FNDA:0,System.Void Ibge.Domain.Infra.Contexts.DataContext::OnConfiguring(Microsoft.EntityFrameworkCore.DbContextOptionsBuilder)
DA:18,0
DA:19,0
DA:20,0
FN:20,Microsoft.EntityFrameworkCore.DbSet`1<Ibge.Domain.RegionIbgeContext.Entities.Region> Ibge.Domain.Infra.Contexts.DataContext::get_Region()
FNDA:111,Microsoft.EntityFrameworkCore.DbSet`1<Ibge.Domain.RegionIbgeContext.Entities.Region> Ibge.Domain.Infra.Contexts.DataContext::get_Region()
DA:21,111
FN:8,System.Void Ibge.Domain.Infra.Contexts.DataContext::.ctor(Microsoft.EntityFrameworkCore.DbContextOptions`1<Ibge.Domain.Infra.Contexts.DataContext>)
FNDA:0,System.Void Ibge.Domain.Infra.Contexts.DataContext::.ctor(Microsoft.EntityFrameworkCore.DbContextOptions`1<Ibge.Domain.Infra.Contexts.DataContext>)
DA:9,0
DA:10,0
DA:12,0
FN:12,System.Void Ibge.Domain.Infra.Contexts.DataContext::.ctor()
FNDA:23,System.Void Ibge.Domain.Infra.Contexts.DataContext::.ctor()
DA:13,23
DA:14,23
DA:16,23
LF:10
LH:4
BRF:0
BRH:0
FNF:4
FNH:2
end_of_record